
Showing logs for build [32mcb-kubecd-environment-pr-191-30-5rfc6-1[0m stage [32mfrom-build-pack[0m and container [32mstep-credential-initializer-2gr8x[0m
{"level":"warn","ts":1585327977.0399938,"logger":"fallback-logger","caller":"logging/config.go:69","msg":"Fetch GitHub commit ID from kodata failed: \"ref: refs/heads/0.8.0-**-support-backwards-incompats\" is not a valid GitHub commit ID"}
{"level":"info","ts":1585327977.0408232,"logger":"fallback-logger","caller":"creds-init/main.go:40","msg":"Credentials initialized."}

Showing logs for build [32mcb-kubecd-environment-pr-191-30-5rfc6-1[0m stage [32mfrom-build-pack[0m and container [32mstep-working-dir-initializer-2r8c6[0m
{"level":"warn","ts":1585327978.0977893,"logger":"fallback-logger","caller":"logging/config.go:69","msg":"Fetch GitHub commit ID from kodata failed: open /var/run/ko/HEAD: no such file or directory"}
{"level":"info","ts":1585327978.0997474,"logger":"fallback-logger","caller":"bash/main.go:64","msg":"Successfully executed command \"sh -c mkdir -p /workspace/source\"; output "}

Showing logs for build [32mcb-kubecd-environment-pr-191-30-5rfc6-1[0m stage [32mfrom-build-pack[0m and container [32mstep-place-tools[0m

Showing logs for build [32mcb-kubecd-environment-pr-191-30-5rfc6-1[0m stage [32mfrom-build-pack[0m and container [32mstep-git-source-cb-kubecd-environment-pr-191-30-5rfc6-gq5wg[0m
{"level":"warn","ts":1585327983.1985512,"logger":"fallback-logger","caller":"logging/config.go:69","msg":"Fetch GitHub commit ID from kodata failed: \"ref: refs/heads/0.8.0-**-support-backwards-incompats\" is not a valid GitHub commit ID"}
{"level":"info","ts":1585327984.4415843,"logger":"fallback-logger","caller":"git/git.go:103","msg":"Successfully cloned https://github.com/cb-kubecd/environment-pr-191-30-boot-vault-gke-production.git @ master in path /workspace/source"}

Showing logs for build [32mcb-kubecd-environment-pr-191-30-5rfc6-1[0m stage [32mfrom-build-pack[0m and container [32mstep-git-merge[0m
Using SHAs from PULL_REFS=master:59a2ba0143973aa3a3a10358f245ea3417798cff,1:c0e386f11f0292abb228c10088f15b28267bb72f
DEBUG: LC_ALL=C JX_LOG_LEVEL=error git fetch origin --unshallow c0e386f11f0292abb228c10088f15b28267bb72f: 59a2ba0143973aa3a3a10358f245ea3417798cff:
DEBUG: ran git fetch --unshallow origin c0e386f11f0292abb228c10088f15b28267bb72f: 59a2ba0143973aa3a3a10358f245ea3417798cff: in 
DEBUG: LC_ALL=C JX_LOG_LEVEL=error git branch
DEBUG: LC_ALL=C JX_LOG_LEVEL=error git checkout master
DEBUG: ran git checkout master in 
DEBUG: LC_ALL=C JX_LOG_LEVEL=error git reset --hard 59a2ba0143973aa3a3a10358f245ea3417798cff
DEBUG: ran git reset --hard 59a2ba0143973aa3a3a10358f245ea3417798cff in 
DEBUG: LC_ALL=C JX_LOG_LEVEL=error git clean -fd .
DEBUG: ran clean --force -d . in 
DEBUG: JX_LOG_LEVEL=error LC_ALL=C git merge c0e386f11f0292abb228c10088f15b28267bb72f
DEBUG: ran git merge c0e386f11f0292abb228c10088f15b28267bb72f in 
DEBUG: LC_ALL=C JX_LOG_LEVEL=error git log --format=%H%x1f%an%x1f%ae%x1f%cn%x1f%ce%x1f%s%n%b%x1e 59a2ba0143973aa3a3a10358f245ea3417798cff..HEAD
Merged SHA c0e386f11f0292abb228c10088f15b28267bb72f with commit message 'chore: Promote bdd-spring-1585326687 to version 0.0.1' into base branch master

Showing logs for build [32mcb-kubecd-environment-pr-191-30-5rfc6-1[0m stage [32mfrom-build-pack[0m and container [32mstep-build-helm-build[0m
WARNING: No $CHART_REPOSITORY defined so using the default value of: http://jenkins-x-chartmuseum:8080
Adding missing Helm repo: storage.googleapis.com https://storage.googleapis.com/chartmuseum.jenkins-x.io
WARNING: No secrets found on "helm/repos" due: reading the secret "helm/repos" from vault: no secret "helm/repos" not found in vault
Read credentials for https://storage.googleapis.com/chartmuseum.jenkins-x.io from vault helm/repos
Successfully added Helm repository storage.googleapis.com.
Adding missing Helm repo: jenkins-x-chartmuseum http://jenkins-x-chartmuseum:8080
WARNING: No secrets found on "helm/repos" due: reading the secret "helm/repos" from vault: no secret "helm/repos" not found in vault
Read credentials for http://jenkins-x-chartmuseum:8080 from vault helm/repos
Successfully added Helm repository jenkins-x-chartmuseum.
WARNING: No $CHART_REPOSITORY defined so using the default value of: http://jenkins-x-chartmuseum:8080
Adding missing Helm repo: chartmuseum.jenkins-x.io http://chartmuseum.jenkins-x.io
WARNING: No secrets found on "helm/repos" due: reading the secret "helm/repos" from vault: no secret "helm/repos" not found in vault
Read credentials for http://chartmuseum.jenkins-x.io from vault helm/repos
Successfully added Helm repository chartmuseum.jenkins-x.io.
